<?xml version="1.0" encoding="UTF-8"?>
<coverage generated="1606313583100" clover="3.2.0">
  <project timestamp="1606313583100" name="All files">
    <metrics statements="10" coveredstatements="4" conditionals="8" coveredconditionals="0" methods="3" coveredmethods="0" elements="21" coveredelements="4" complexity="0" loc="10" ncloc="10" packages="1" files="1" classes="1"/>
    <file name="fizzbuzz.js" path="/Users/cawauchi/Desktop/Jest-practice/modules/fizzbuzz.js">
      <metrics statements="10" coveredstatements="4" conditionals="8" coveredconditionals="0" methods="3" coveredmethods="0"/>
      <line num="1" count="1" type="stmt"/>
      <line num="2" count="0" type="cond" truecount="0" falsecount="4"/>
      <line num="3" count="0" type="cond" truecount="0" falsecount="2"/>
      <line num="4" count="0" type="cond" truecount="0" falsecount="2"/>
      <line num="5" count="0" type="stmt"/>
      <line num="8" count="1" type="stmt"/>
      <line num="9" count="0" type="stmt"/>
      <line num="12" count="1" type="stmt"/>
      <line num="13" count="0" type="stmt"/>
      <line num="16" count="1" type="stmt"/>
    </file>
  </project>
</coverage>
