{"/Users/cawauchi/Desktop/Jest-practice/modules/fizzbuzz.js": {"path":"/Users/cawauchi/Desktop/Jest-practice/modules/fizzbuzz.js","statementMap":{"0":{"start":{"line":1,"column":19},"end":{"line":6,"column":1}},"1":{"start":{"line":2,"column":2},"end":{"line":2,"column":55}},"2":{"start":{"line":2,"column":38},"end":{"line":2,"column":55}},"3":{"start":{"line":3,"column":2},"end":{"line":3,"column":34}},"4":{"start":{"line":3,"column":21},"end":{"line":3,"column":34}},"5":{"start":{"line":4,"column":2},"end":{"line":4,"column":34}},"6":{"start":{"line":4,"column":21},"end":{"line":4,"column":34}},"7":{"start":{"line":5,"column":2},"end":{"line":5,"column":12}},"8":{"start":{"line":8,"column":15},"end":{"line":10,"column":1}},"9":{"start":{"line":9,"column":2},"end":{"line":9,"column":22}},"10":{"start":{"line":12,"column":15},"end":{"line":14,"column":1}},"11":{"start":{"line":13,"column":2},"end":{"line":13,"column":22}},"12":{"start":{"line":16,"column":0},"end":{"line":16,"column":27}}},"fnMap":{"0":{"name":"(anonymous_0)","decl":{"start":{"line":1,"column":19},"end":{"line":1,"column":20}},"loc":{"start":{"line":1,"column":26},"end":{"line":6,"column":1}},"line":1},"1":{"name":"(anonymous_1)","decl":{"start":{"line":8,"column":15},"end":{"line":8,"column":16}},"loc":{"start":{"line":8,"column":22},"end":{"line":10,"column":1}},"line":8},"2":{"name":"(anonymous_2)","decl":{"start":{"line":12,"column":15},"end":{"line":12,"column":16}},"loc":{"start":{"line":12,"column":22},"end":{"line":14,"column":1}},"line":12}},"branchMap":{"0":{"loc":{"start":{"line":2,"column":2},"end":{"line":2,"column":55}},"type":"if","locations":[{"start":{"line":2,"column":2},"end":{"line":2,"column":55}},{"start":{"line":2,"column":2},"end":{"line":2,"column":55}}],"line":2},"1":{"loc":{"start":{"line":2,"column":6},"end":{"line":2,"column":36}},"type":"binary-expr","locations":[{"start":{"line":2,"column":6},"end":{"line":2,"column":19}},{"start":{"line":2,"column":23},"end":{"line":2,"column":36}}],"line":2},"2":{"loc":{"start":{"line":3,"column":2},"end":{"line":3,"column":34}},"type":"if","locations":[{"start":{"line":3,"column":2},"end":{"line":3,"column":34}},{"start":{"line":3,"column":2},"end":{"line":3,"column":34}}],"line":3},"3":{"loc":{"start":{"line":4,"column":2},"end":{"line":4,"column":34}},"type":"if","locations":[{"start":{"line":4,"column":2},"end":{"line":4,"column":34}},{"start":{"line":4,"column":2},"end":{"line":4,"column":34}}],"line":4}},"s":{"0":1,"1":0,"2":0,"3":0,"4":0,"5":0,"6":0,"7":0,"8":1,"9":0,"10":1,"11":0,"12":1},"f":{"0":0,"1":0,"2":0},"b":{"0":[0,0],"1":[0,0],"2":[0,0],"3":[0,0]},"_coverageSchema":"43e27e138ebf9cfc5966b082cf9a028302ed4184","hash":"6b62c3b847f19ba8e45d28cbfd3cfb98ca587077"}
}
